<?xml version="1.0" encoding="UTF-8" ?>
<testsuite errors="0" failures="0" hostname="VPCF11E1R" name="test.DiffBuildingAnalysis.Rules.testFromFixStartCutRule" tests="1" time="0.007" timestamp="2012-01-28T16:23:06">
  <properties>
    <property name="java.vendor" value="Oracle Corporation" />
    <property name="sun.java.launcher" value="SUN_STANDARD" />
    <property name="sun.management.compiler" value="HotSpot Tiered Compilers" />
    <property name="dist" value="dist" />
    <property name="os.name" value="Linux" />
    <property name="sun.boot.class.path" value="/usr/lib/jvm/jdk1.7.0/jre/lib/resources.jar:/usr/lib/jvm/jdk1.7.0/jre/lib/rt.jar:/usr/lib/jvm/jdk1.7.0/jre/lib/sunrsasign.jar:/usr/lib/jvm/jdk1.7.0/jre/lib/jsse.jar:/usr/lib/jvm/jdk1.7.0/jre/lib/jce.jar:/usr/lib/jvm/jdk1.7.0/jre/lib/charsets.jar:/usr/lib/jvm/jdk1.7.0/jre/classes" />
    <property name="sun.desktop" value="gnome" />
    <property name="java.vm.specification.vendor" value="Oracle Corporation" />
    <property name="ant.home" value="/usr/share/ant" />
    <property name="java.runtime.version" value="1.7.0-b147" />
    <property name="user.name" value="alex" />
    <property name="reports" value="reports" />
    <property name="source.test" value="src/test" />
    <property name="user.language" value="ru" />
    <property name="build" value="build" />
    <property name="sun.boot.library.path" value="/usr/lib/jvm/jdk1.7.0/jre/lib/i386" />
    <property name="ant.project.default-target" value="jar-make" />
    <property name="ant.project.name" value="jlibiada-misc" />
    <property name="java.version" value="1.7.0" />
    <property name="user.timezone" value="" />
    <property name="sun.arch.data.model" value="32" />
    <property name="java.endorsed.dirs" value="/usr/lib/jvm/jdk1.7.0/jre/lib/endorsed" />
    <property name="sun.cpu.isalist" value="" />
    <property name="sun.jnu.encoding" value="UTF-8" />
    <property name="file.encoding.pkg" value="sun.io" />
    <property name="file.separator" value="/" />
    <property name="java.specification.name" value="Java Platform API Specification" />
    <property name="java.class.version" value="51.0" />
    <property name="user.country" value="RU" />
    <property name="java.home" value="/usr/lib/jvm/jdk1.7.0/jre" />
    <property name="java.vm.info" value="mixed mode" />
    <property name="ant.file" value="/home/alex/Рабочий стол/Учеба/jlibiada-misc/build.xml" />
    <property name="os.version" value="3.0.0-15-generic-pae" />
    <property name="path.separator" value=":" />
    <property name="java.vm.version" value="21.0-b17" />
    <property name="ant.library.dir" value="/usr/share/ant/lib" />
    <property name="reports.test.xml" value="reports/test/xml/" />
    <property name="java.awt.printerjob" value="sun.print.PSPrinterJob" />
    <property name="sun.io.unicode.encoding" value="UnicodeLittle" />
    <property name="awt.toolkit" value="sun.awt.X11.XToolkit" />
    <property name="build.main" value="build/main" />
    <property name="user.home" value="/home/alex" />
    <property name="java.specification.vendor" value="Oracle Corporation" />
    <property name="java.library.path" value="/usr/java/packages/lib/i386:/lib:/usr/lib" />
    <property name="java.vendor.url" value="http://java.oracle.com/" />
    <property name="java.vm.vendor" value="Oracle Corporation" />
    <property name="java.runtime.name" value="Java(TM) SE Runtime Environment" />
    <property name="sun.java.command" value="org.apache.tools.ant.launch.Launcher -cp " />
    <property name="java.class.path" value="/usr/share/ant/lib/ant-launcher.jar:/usr/share/java/xmlParserAPIs.jar:/usr/share/java/xercesImpl.jar:/usr/share/ant/lib/commons-cli-1.2.jar:/usr/share/ant/lib/ant-junit.jar:/usr/share/ant/lib/junit.jar:/usr/share/ant/lib/ant-launcher.jar:/usr/share/ant/lib/commons-logging-1.1.1.jar:/usr/share/ant/lib/ant-commons-net.jar:/usr/share/ant/lib/ant-apache-oro.jar:/usr/share/ant/lib/ant-apache-bsf.jar:/usr/share/ant/lib/ant-commons-logging.jar:/usr/share/ant/lib/antlr-2.7.7.jar:/usr/share/ant/lib/ant-jsch.jar:/usr/share/ant/lib/ant-jmf.jar:/usr/share/ant/lib/ant-apache-bcel.jar:/usr/share/ant/lib/ant-apache-log4j.jar:/usr/share/ant/lib/checkstyle-5.5-all.jar:/usr/share/ant/lib/ant-apache-xalan2.jar:/usr/share/ant/lib/checkstyle-5.5.jar:/usr/share/ant/lib/ant-apache-regexp.jar:/usr/share/ant/lib/ant-swing.jar:/usr/share/ant/lib/commons-beanutils-core-1.8.3.jar:/usr/share/ant/lib/ant-apache-resolver.jar:/usr/share/ant/lib/ant.jar:/usr/share/ant/lib/ant-antlr.jar:/usr/share/ant/lib/ant-testutil.jar:/usr/share/ant/lib/ant-javamail.jar:/usr/share/ant/lib/ant-jdepend.jar:/usr/lib/jvm/jdk1.7.0/lib/tools.jar" />
    <property name="ant.version" value="Apache Ant(TM) version 1.8.2 compiled on August 19 2011" />
    <property name="java.vm.specification.name" value="Java Virtual Machine Specification" />
    <property name="ant.file.type" value="file" />
    <property name="java.vm.specification.version" value="1.7" />
    <property name="sun.cpu.endian" value="little" />
    <property name="sun.os.patch.level" value="unknown" />
    <property name="java.io.tmpdir" value="/tmp" />
    <property name="java.vendor.url.bug" value="http://bugreport.sun.com/bugreport/" />
    <property name="ant.file.jlibiada-misc" value="/home/alex/Рабочий стол/Учеба/jlibiada-misc/build.xml" />
    <property name="os.arch" value="i386" />
    <property name="java.awt.graphicsenv" value="sun.awt.X11GraphicsEnvironment" />
    <property name="source.main" value="src/main" />
    <property name="java.ext.dirs" value="/usr/lib/jvm/jdk1.7.0/jre/lib/ext:/usr/java/packages/lib/ext" />
    <property name="user.dir" value="/home/alex/Рабочий стол/Учеба/jlibiada-misc" />
    <property name="line.separator" value="&#xa;" />
    <property name="ant.file.type.jlibiada-misc" value="file" />
    <property name="java.vm.name" value="Java HotSpot(TM) Server VM" />
    <property name="basedir" value="/home/alex/Рабочий стол/Учеба/jlibiada-misc" />
    <property name="ant.java.version" value="1.7" />
    <property name="ant.core.lib" value="/usr/share/ant/lib/ant.jar" />
    <property name="source" value="src" />
    <property name="file.encoding" value="UTF-8" />
    <property name="build.test" value="build/test" />
    <property name="java.specification.version" value="1.7" />
    <property name="ant.project.invoked-targets" value="jar-make" />
  </properties>
  <testcase classname="test.DiffBuildingAnalysis.Rules.testFromFixStartCutRule" name="testCutRule" time="0.003" />
  <system-out><![CDATA[]]></system-out>
  <system-err><![CDATA[]]></system-err>
</testsuite>
